<?xml version="1.0" encoding="UTF-8"?>
<!-- Generated by org.testng.reporters.JUnitReportReporter -->
<testsuite hostname="BASIL" failures="0" tests="1" name="testscript.LoginTest" time="7.769" errors="0" timestamp="2025-08-27T22:00:51 IST" skipped="0">
  <testcase classname="testscript.LoginTest" name="verifyUserIsAbleToLoginUsingValidCredentials" time="7.769"/>
</testsuite> <!-- testscript.LoginTest -->
