<?xml version="1.0" encoding="UTF-8"?>
<!-- Generated by org.testng.reporters.JUnitReportReporter -->
<testsuite hostname="BASIL" failures="0" tests="1" name="testscript.Login" time="23.675" errors="0" timestamp="2025-08-16T20:06:27 IST" skipped="0">
  <testcase classname="testscript.Login" name="loginPage" time="23.675"/>
</testsuite> <!-- testscript.Login -->
