<?xml version="1.0" encoding="UTF-8"?>
<!-- Generated by org.testng.reporters.JUnitReportReporter -->
<testsuite hostname="BASIL" failures="0" tests="1" name="testscript.TestLogin" time="3.612" errors="0" timestamp="2025-08-16T20:46:22 IST" skipped="0">
  <testcase classname="testscript.TestLogin" name="testlogin" time="3.612"/>
</testsuite> <!-- testscript.TestLogin -->
